Performing C SOURCE FILE Test CMAKE_HAVE_LIBC_PTHREAD failed with the following output:
Change Dir: /home/tjurm/Code/TJURM-Engineering/build/CMakeFiles/CMakeScratch/TryCompile-1jn0RD

Run Build Command(s):/usr/bin/make -f Makefile cmTC_13cc6/fast && /usr/bin/make  -f CMakeFiles/cmTC_13cc6.dir/build.make CMakeFiles/cmTC_13cc6.dir/build
make[1]: Entering directory '/home/tjurm/Code/TJURM-Engineering/build/CMakeFiles/CMakeScratch/TryCompile-1jn0RD'
Building C object CMakeFiles/cmTC_13cc6.dir/src.c.o
/usr/bin/cc -DCMAKE_HAVE_LIBC_PTHREAD  -fPIC  -o CMakeFiles/cmTC_13cc6.dir/src.c.o -c /home/tjurm/Code/TJURM-Engineering/build/CMakeFiles/CMakeScratch/TryCompile-1jn0RD/src.c
Linking C executable cmTC_13cc6
/usr/bin/cmake -E cmake_link_script CMakeFiles/cmTC_13cc6.dir/link.txt --verbose=1
/usr/bin/cc -fPIC  CMakeFiles/cmTC_13cc6.dir/src.c.o -o cmTC_13cc6 
CMakeFiles/cmTC_13cc6.dir/src.c.o: In function `main':
src.c:(.text+0x3e): undefined reference to `pthread_create'
src.c:(.text+0x4a): undefined reference to `pthread_detach'
src.c:(.text+0x56): undefined reference to `pthread_cancel'
src.c:(.text+0x67): undefined reference to `pthread_join'
src.c:(.text+0x7b): undefined reference to `pthread_atfork'
collect2: error: ld returned 1 exit status
CMakeFiles/cmTC_13cc6.dir/build.make:98: recipe for target 'cmTC_13cc6' failed
make[1]: *** [cmTC_13cc6] Error 1
make[1]: Leaving directory '/home/tjurm/Code/TJURM-Engineering/build/CMakeFiles/CMakeScratch/TryCompile-1jn0RD'
Makefile:127: recipe for target 'cmTC_13cc6/fast' failed
make: *** [cmTC_13cc6/fast] Error 2


Source file was:
#include <pthread.h>

static void* test_func(void* data)
{
  return data;
}

int main(void)
{
  pthread_t thread;
  pthread_create(&thread, NULL, test_func, NULL);
  pthread_detach(thread);
  pthread_cancel(thread);
  pthread_join(thread, NULL);
  pthread_atfork(NULL, NULL, NULL);
  pthread_exit(NULL);

  return 0;
}


Determining if the function pthread_create exists in the pthreads failed with the following output:
Change Dir: /home/tjurm/Code/TJURM-Engineering/build/CMakeFiles/CMakeScratch/TryCompile-YLjl4h

Run Build Command(s):/usr/bin/make -f Makefile cmTC_dcde7/fast && /usr/bin/make  -f CMakeFiles/cmTC_dcde7.dir/build.make CMakeFiles/cmTC_dcde7.dir/build
make[1]: Entering directory '/home/tjurm/Code/TJURM-Engineering/build/CMakeFiles/CMakeScratch/TryCompile-YLjl4h'
Building C object CMakeFiles/cmTC_dcde7.dir/CheckFunctionExists.c.o
/usr/bin/cc   -fPIC -DCHECK_FUNCTION_EXISTS=pthread_create -o CMakeFiles/cmTC_dcde7.dir/CheckFunctionExists.c.o -c /home/tjurm/Code/TJURM-Engineering/build/CMakeFiles/CMakeScratch/TryCompile-YLjl4h/CheckFunctionExists.c
Linking C executable cmTC_dcde7
/usr/bin/cmake -E cmake_link_script CMakeFiles/cmTC_dcde7.dir/link.txt --verbose=1
/usr/bin/cc -fPIC -DCHECK_FUNCTION_EXISTS=pthread_create CMakeFiles/cmTC_dcde7.dir/CheckFunctionExists.c.o -o cmTC_dcde7  -lpthreads 
/usr/bin/ld: cannot find -lpthreads
collect2: error: ld returned 1 exit status
CMakeFiles/cmTC_dcde7.dir/build.make:98: recipe for target 'cmTC_dcde7' failed
make[1]: *** [cmTC_dcde7] Error 1
make[1]: Leaving directory '/home/tjurm/Code/TJURM-Engineering/build/CMakeFiles/CMakeScratch/TryCompile-YLjl4h'
Makefile:127: recipe for target 'cmTC_dcde7/fast' failed
make: *** [cmTC_dcde7/fast] Error 2



Determining if the function sgemm_ exists failed with the following output:
Change Dir: /home/tjurm/Code/TJURM-Engineering/build/CMakeFiles/CMakeScratch/TryCompile-ixXR2A

Run Build Command(s):/usr/bin/make -f Makefile cmTC_c06c7/fast && /usr/bin/make  -f CMakeFiles/cmTC_c06c7.dir/build.make CMakeFiles/cmTC_c06c7.dir/build
make[1]: Entering directory '/home/tjurm/Code/TJURM-Engineering/build/CMakeFiles/CMakeScratch/TryCompile-ixXR2A'
Building C object CMakeFiles/cmTC_c06c7.dir/CheckFunctionExists.c.o
/usr/bin/cc   -DCHECK_FUNCTION_EXISTS=sgemm_ -o CMakeFiles/cmTC_c06c7.dir/CheckFunctionExists.c.o -c /home/tjurm/Code/TJURM-Engineering/build/CMakeFiles/CMakeScratch/TryCompile-ixXR2A/CheckFunctionExists.c
Linking C executable cmTC_c06c7
/usr/bin/cmake -E cmake_link_script CMakeFiles/cmTC_c06c7.dir/link.txt --verbose=1
/usr/bin/cc  -DCHECK_FUNCTION_EXISTS=sgemm_ CMakeFiles/cmTC_c06c7.dir/CheckFunctionExists.c.o -o cmTC_c06c7 
CMakeFiles/cmTC_c06c7.dir/CheckFunctionExists.c.o: In function `main':
CheckFunctionExists.c:(.text+0x10): undefined reference to `sgemm_'
collect2: error: ld returned 1 exit status
CMakeFiles/cmTC_c06c7.dir/build.make:98: recipe for target 'cmTC_c06c7' failed
make[1]: *** [cmTC_c06c7] Error 1
make[1]: Leaving directory '/home/tjurm/Code/TJURM-Engineering/build/CMakeFiles/CMakeScratch/TryCompile-ixXR2A'
Makefile:127: recipe for target 'cmTC_c06c7/fast' failed
make: *** [cmTC_c06c7/fast] Error 2



Determining if the function cheev_ exists failed with the following output:
Change Dir: /home/tjurm/Code/TJURM-Engineering/build/CMakeFiles/CMakeScratch/TryCompile-MLekaV

Run Build Command(s):/usr/bin/make -f Makefile cmTC_8cc41/fast && /usr/bin/make  -f CMakeFiles/cmTC_8cc41.dir/build.make CMakeFiles/cmTC_8cc41.dir/build
make[1]: Entering directory '/home/tjurm/Code/TJURM-Engineering/build/CMakeFiles/CMakeScratch/TryCompile-MLekaV'
Building C object CMakeFiles/cmTC_8cc41.dir/CheckFunctionExists.c.o
/usr/bin/cc   -DCHECK_FUNCTION_EXISTS=cheev_ -o CMakeFiles/cmTC_8cc41.dir/CheckFunctionExists.c.o -c /home/tjurm/Code/TJURM-Engineering/build/CMakeFiles/CMakeScratch/TryCompile-MLekaV/CheckFunctionExists.c
Linking C executable cmTC_8cc41
/usr/bin/cmake -E cmake_link_script CMakeFiles/cmTC_8cc41.dir/link.txt --verbose=1
/usr/bin/cc  -DCHECK_FUNCTION_EXISTS=cheev_ CMakeFiles/cmTC_8cc41.dir/CheckFunctionExists.c.o -o cmTC_8cc41  /usr/lib/x86_64-linux-gnu/libblas.so /usr/lib/x86_64-linux-gnu/libf77blas.so /usr/lib/x86_64-linux-gnu/libatlas.so -lpthread -lm -ldl 
CMakeFiles/cmTC_8cc41.dir/CheckFunctionExists.c.o: In function `main':
CheckFunctionExists.c:(.text+0x10): undefined reference to `cheev_'
collect2: error: ld returned 1 exit status
CMakeFiles/cmTC_8cc41.dir/build.make:101: recipe for target 'cmTC_8cc41' failed
make[1]: *** [cmTC_8cc41] Error 1
make[1]: Leaving directory '/home/tjurm/Code/TJURM-Engineering/build/CMakeFiles/CMakeScratch/TryCompile-MLekaV'
Makefile:127: recipe for target 'cmTC_8cc41/fast' failed
make: *** [cmTC_8cc41/fast] Error 2



